2020-06-07 19:57:44.5721||INFO|Microsoft.Hosting.Lifetime|Application started. Press Ctrl+C to shut down. 
2020-06-07 19:57:44.5968||INFO|Microsoft.Hosting.Lifetime|Hosting environment: Development 
2020-06-07 19:57:44.5968||INFO|Microsoft.Hosting.Lifetime|Content root path: E:\CodeTest\SPAapi\SPAapi 
2020-06-07 19:57:44.6167|1000|INFO|SPAapi.CustomExceptionAttribute|ttt 
2020-06-07 21:17:07.6063||INFO|Microsoft.Hosting.Lifetime|Application started. Press Ctrl+C to shut down. 
2020-06-07 21:17:07.6336||INFO|Microsoft.Hosting.Lifetime|Hosting environment: Development 
2020-06-07 21:17:07.6418||INFO|Microsoft.Hosting.Lifetime|Content root path: E:\CodeTest\SPAapi\SPAapi 
2020-06-07 21:17:10.4821|1000|INFO|SPAapi.CustomExceptionAttribute|ttt 
2020-06-07 21:18:48.5560||INFO|Microsoft.Hosting.Lifetime|Application started. Press Ctrl+C to shut down. 
2020-06-07 21:18:48.5913||INFO|Microsoft.Hosting.Lifetime|Hosting environment: Development 
2020-06-07 21:18:48.6058||INFO|Microsoft.Hosting.Lifetime|Content root path: E:\CodeTest\SPAapi\SPAapi 
2020-06-07 21:25:10.6276||INFO|Microsoft.Hosting.Lifetime|Application started. Press Ctrl+C to shut down. 
2020-06-07 21:25:10.6584||INFO|Microsoft.Hosting.Lifetime|Hosting environment: Development 
2020-06-07 21:25:10.6584||INFO|Microsoft.Hosting.Lifetime|Content root path: E:\CodeTest\SPAapi\SPAapi 
2020-06-07 21:25:14.1286|1000|INFO|SPAapi.CustomExceptionAttribute|ttt 
2020-06-07 21:26:05.9792||INFO|Microsoft.Hosting.Lifetime|Application started. Press Ctrl+C to shut down. 
2020-06-07 21:26:06.0060||INFO|Microsoft.Hosting.Lifetime|Hosting environment: Development 
2020-06-07 21:26:06.0060||INFO|Microsoft.Hosting.Lifetime|Content root path: E:\CodeTest\SPAapi\SPAapi 
2020-06-07 21:26:07.0278|1000|INFO|SPAapi.CustomExceptionAttribute|ttt 
2020-06-07 21:28:32.5375||INFO|Microsoft.Hosting.Lifetime|Application started. Press Ctrl+C to shut down. 
2020-06-07 21:28:32.5633||INFO|Microsoft.Hosting.Lifetime|Hosting environment: Development 
2020-06-07 21:28:32.5690||INFO|Microsoft.Hosting.Lifetime|Content root path: E:\CodeTest\SPAapi\SPAapi 
2020-06-07 21:28:33.5935|1000|INFO|SPAapi.CustomExceptionAttribute|ttt 
2020-06-07 21:30:11.2918||INFO|Microsoft.Hosting.Lifetime|Application started. Press Ctrl+C to shut down. 
2020-06-07 21:30:11.3251||INFO|Microsoft.Hosting.Lifetime|Hosting environment: Development 
2020-06-07 21:30:11.3365||INFO|Microsoft.Hosting.Lifetime|Content root path: E:\CodeTest\SPAapi\SPAapi 
2020-06-07 21:31:30.4504||INFO|Microsoft.Hosting.Lifetime|Application started. Press Ctrl+C to shut down. 
2020-06-07 21:31:30.4831||INFO|Microsoft.Hosting.Lifetime|Hosting environment: Development 
2020-06-07 21:31:30.4980||INFO|Microsoft.Hosting.Lifetime|Content root path: E:\CodeTest\SPAapi\SPAapi 
2020-06-07 21:31:33.5683|1000|INFO|SPAapi.CustomExceptionAttribute|ttt 
2020-06-07 21:32:57.9394||INFO|Microsoft.Hosting.Lifetime|Application started. Press Ctrl+C to shut down. 
2020-06-07 21:32:57.9753||INFO|Microsoft.Hosting.Lifetime|Hosting environment: Development 
2020-06-07 21:32:57.9753||INFO|Microsoft.Hosting.Lifetime|Content root path: E:\CodeTest\SPAapi\SPAapi 
2020-06-07 21:46:56.8937||INFO|Microsoft.Hosting.Lifetime|Application started. Press Ctrl+C to shut down. 
2020-06-07 21:46:56.9226||INFO|Microsoft.Hosting.Lifetime|Hosting environment: Development 
2020-06-07 21:46:56.9226||INFO|Microsoft.Hosting.Lifetime|Content root path: E:\CodeTest\SPAapi\SPAapi 
2020-06-07 21:47:58.8508||INFO|Microsoft.Hosting.Lifetime|Application started. Press Ctrl+C to shut down. 
2020-06-07 21:47:58.8769||INFO|Microsoft.Hosting.Lifetime|Hosting environment: Development 
2020-06-07 21:47:58.8769||INFO|Microsoft.Hosting.Lifetime|Content root path: E:\CodeTest\SPAapi\SPAapi 
2020-06-07 21:48:30.3301||INFO|Microsoft.Hosting.Lifetime|Application started. Press Ctrl+C to shut down. 
2020-06-07 21:48:30.3559||INFO|Microsoft.Hosting.Lifetime|Hosting environment: Development 
2020-06-07 21:48:30.3615||INFO|Microsoft.Hosting.Lifetime|Content root path: E:\CodeTest\SPAapi\SPAapi 
2020-06-07 21:49:22.8872||INFO|Microsoft.Hosting.Lifetime|Application started. Press Ctrl+C to shut down. 
2020-06-07 21:49:22.9160||INFO|Microsoft.Hosting.Lifetime|Hosting environment: Development 
2020-06-07 21:49:22.9160||INFO|Microsoft.Hosting.Lifetime|Content root path: E:\CodeTest\SPAapi\SPAapi 
2020-06-07 21:50:12.8519||INFO|Microsoft.Hosting.Lifetime|Application started. Press Ctrl+C to shut down. 
2020-06-07 21:50:12.8767||INFO|Microsoft.Hosting.Lifetime|Hosting environment: Development 
2020-06-07 21:50:12.8767||INFO|Microsoft.Hosting.Lifetime|Content root path: E:\CodeTest\SPAapi\SPAapi 
2020-06-07 21:50:12.9047|1000|INFO|SPAapi.CustomExceptionAttribute|ttt 
2020-06-07 21:51:12.2040||INFO|Microsoft.Hosting.Lifetime|Application started. Press Ctrl+C to shut down. 
2020-06-07 21:51:12.2338||INFO|Microsoft.Hosting.Lifetime|Hosting environment: Development 
2020-06-07 21:51:12.2396||INFO|Microsoft.Hosting.Lifetime|Content root path: E:\CodeTest\SPAapi\SPAapi 
2020-06-07 21:54:09.3200||INFO|Microsoft.Hosting.Lifetime|Application started. Press Ctrl+C to shut down. 
2020-06-07 21:54:09.3462||INFO|Microsoft.Hosting.Lifetime|Hosting environment: Development 
2020-06-07 21:54:09.3462||INFO|Microsoft.Hosting.Lifetime|Content root path: E:\CodeTest\SPAapi\SPAapi 
2020-06-07 21:56:05.6796||INFO|Microsoft.Hosting.Lifetime|Application started. Press Ctrl+C to shut down. 
2020-06-07 21:56:05.7079||INFO|Microsoft.Hosting.Lifetime|Hosting environment: Development 
2020-06-07 21:56:05.7079||INFO|Microsoft.Hosting.Lifetime|Content root path: E:\CodeTest\SPAapi\SPAapi 
2020-06-07 21:56:44.9077||INFO|Microsoft.Hosting.Lifetime|Application started. Press Ctrl+C to shut down. 
2020-06-07 21:56:44.9357||INFO|Microsoft.Hosting.Lifetime|Hosting environment: Development 
2020-06-07 21:56:44.9413||INFO|Microsoft.Hosting.Lifetime|Content root path: E:\CodeTest\SPAapi\SPAapi 
2020-06-07 21:57:29.0451||INFO|Microsoft.Hosting.Lifetime|Application started. Press Ctrl+C to shut down. 
2020-06-07 21:57:29.1247||INFO|Microsoft.Hosting.Lifetime|Hosting environment: Development 
2020-06-07 21:57:29.1377||INFO|Microsoft.Hosting.Lifetime|Content root path: E:\CodeTest\SPAapi\SPAapi 
2020-06-07 21:58:34.2968||INFO|Microsoft.Hosting.Lifetime|Application started. Press Ctrl+C to shut down. 
2020-06-07 21:58:34.3251||INFO|Microsoft.Hosting.Lifetime|Hosting environment: Development 
2020-06-07 21:58:34.3323||INFO|Microsoft.Hosting.Lifetime|Content root path: E:\CodeTest\SPAapi\SPAapi 
2020-06-07 21:59:17.3627||INFO|Microsoft.Hosting.Lifetime|Application started. Press Ctrl+C to shut down. 
2020-06-07 21:59:17.3935||INFO|Microsoft.Hosting.Lifetime|Hosting environment: Development 
2020-06-07 21:59:17.3935||INFO|Microsoft.Hosting.Lifetime|Content root path: E:\CodeTest\SPAapi\SPAapi 
2020-06-07 22:01:46.4997||INFO|Microsoft.Hosting.Lifetime|Application started. Press Ctrl+C to shut down. 
2020-06-07 22:01:46.5257||INFO|Microsoft.Hosting.Lifetime|Hosting environment: Development 
2020-06-07 22:01:46.5257||INFO|Microsoft.Hosting.Lifetime|Content root path: E:\CodeTest\SPAapi\SPAapi 
2020-06-07 22:02:11.4266||INFO|Microsoft.Hosting.Lifetime|Application started. Press Ctrl+C to shut down. 
2020-06-07 22:02:11.4532||INFO|Microsoft.Hosting.Lifetime|Hosting environment: Development 
2020-06-07 22:02:11.4599||INFO|Microsoft.Hosting.Lifetime|Content root path: E:\CodeTest\SPAapi\SPAapi 
2020-06-07 22:02:51.6218||INFO|Microsoft.Hosting.Lifetime|Application started. Press Ctrl+C to shut down. 
2020-06-07 22:02:51.6478||INFO|Microsoft.Hosting.Lifetime|Hosting environment: Development 
2020-06-07 22:02:51.6478||INFO|Microsoft.Hosting.Lifetime|Content root path: E:\CodeTest\SPAapi\SPAapi 
2020-06-07 22:02:51.6887|1000|INFO|SPAapi.CustomExceptionAttribute|ttt 
2020-06-07 22:03:16.2559||INFO|Microsoft.Hosting.Lifetime|Application started. Press Ctrl+C to shut down. 
2020-06-07 22:03:16.2875||INFO|Microsoft.Hosting.Lifetime|Hosting environment: Development 
2020-06-07 22:03:16.2875||INFO|Microsoft.Hosting.Lifetime|Content root path: E:\CodeTest\SPAapi\SPAapi 
2020-06-07 22:08:54.8705||INFO|Microsoft.Hosting.Lifetime|Application started. Press Ctrl+C to shut down. 
2020-06-07 22:08:54.9046||INFO|Microsoft.Hosting.Lifetime|Hosting environment: Development 
2020-06-07 22:08:54.9106||INFO|Microsoft.Hosting.Lifetime|Content root path: E:\CodeTest\SPAapi\SPAapi 
2020-06-07 22:09:13.0801|1000|INFO|SPAapi.CustomExceptionAttribute|ttt 
2020-06-07 22:16:38.0958||INFO|Microsoft.Hosting.Lifetime|Application started. Press Ctrl+C to shut down. 
2020-06-07 22:16:38.1260||INFO|Microsoft.Hosting.Lifetime|Hosting environment: Development 
2020-06-07 22:16:38.1260||INFO|Microsoft.Hosting.Lifetime|Content root path: E:\CodeTest\SPAapi\SPAapi 
2020-06-07 22:17:02.7499|1|ERROR|Microsoft.AspNetCore.Diagnostics.DeveloperExceptionPageMiddleware|An unhandled exception has occurred while executing the request. System.NullReferenceException: Object reference not set to an instance of an object.
   at SPAapi.ApiResultFilterAttribute.OnResultExecuting(ResultExecutingContext context) in E:\CodeTest\SPAapi\SPAapi\ValidateModelAttribute.cs:line 49
   at Microsoft.AspNetCore.Mvc.Filters.ActionFilterAttribute.OnResultExecutionAsync(ResultExecutingContext context, ResultExecutionDelegate next)
   at Microsoft.AspNetCore.Mvc.Infrastructure.ResourceInvoker.<InvokeNextResultFilterAsync>g__Awaited|29_0[TFilter,TFilterAsync](ResourceInvoker invoker, Task lastTask, State next, Scope scope, Object state, Boolean isCompleted)
   at Microsoft.AspNetCore.Mvc.Infrastructure.ResourceInvoker.Rethrow(ResultExecutedContextSealed context)
   at Microsoft.AspNetCore.Mvc.Infrastructure.ResourceInvoker.ResultNext[TFilter,TFilterAsync](State& next, Scope& scope, Object& state, Boolean& isCompleted)
   at Microsoft.AspNetCore.Mvc.Infrastructure.ResourceInvoker.InvokeResultFilters()
--- End of stack trace from previous location where exception was thrown ---
   at Microsoft.AspNetCore.Mvc.Infrastructure.ResourceInvoker.<InvokeNextResourceFilter>g__Awaited|24_0(ResourceInvoker invoker, Task lastTask, State next, Scope scope, Object state, Boolean isCompleted)
   at Microsoft.AspNetCore.Mvc.Infrastructure.ResourceInvoker.Rethrow(ResourceExecutedContextSealed context)
   at Microsoft.AspNetCore.Mvc.Infrastructure.ResourceInvoker.Next(State& next, Scope& scope, Object& state, Boolean& isCompleted)
   at Microsoft.AspNetCore.Mvc.Infrastructure.ResourceInvoker.InvokeFilterPipelineAsync()
--- End of stack trace from previous location where exception was thrown ---
   at Microsoft.AspNetCore.Mvc.Infrastructure.ResourceInvoker.<InvokeAsync>g__Awaited|17_0(ResourceInvoker invoker, Task task, IDisposable scope)
   at Microsoft.AspNetCore.Routing.EndpointMiddleware.<Invoke>g__AwaitRequestTask|6_0(Endpoint endpoint, Task requestTask, ILogger logger)
   at Microsoft.AspNetCore.Authorization.AuthorizationMiddleware.Invoke(HttpContext context)
   at Microsoft.AspNetCore.Diagnostics.DeveloperExceptionPageMiddleware.Invoke(HttpContext context)
2020-06-07 22:17:34.5013||INFO|Microsoft.Hosting.Lifetime|Application started. Press Ctrl+C to shut down. 
2020-06-07 22:17:34.5590||INFO|Microsoft.Hosting.Lifetime|Hosting environment: Development 
2020-06-07 22:17:34.5761||INFO|Microsoft.Hosting.Lifetime|Content root path: E:\CodeTest\SPAapi\SPAapi 
2020-06-07 22:22:12.0060||INFO|Microsoft.Hosting.Lifetime|Application started. Press Ctrl+C to shut down. 
2020-06-07 22:22:12.0388||INFO|Microsoft.Hosting.Lifetime|Hosting environment: Development 
2020-06-07 22:22:12.0388||INFO|Microsoft.Hosting.Lifetime|Content root path: E:\CodeTest\SPAapi\SPAapi 
